2018-11-21 23:24:03,358:DEBUG:__main__:user activated task grow-start
2018-11-21 23:24:03,368:DEBUG:__main__:config_file present
2018-11-21 23:24:03,378:DEBUG:__main__:Grow Initiated
2018-11-21 23:24:03,387:DEBUG:__main__:Read config file
2018-11-21 23:24:03,388:DEBUG:__main__:Global states declared
2018-11-21 23:24:03,388:DEBUG:__main__:Config file scheduler created
2018-11-21 23:24:03,390:DEBUG:__main__:Config file scheduler started
2018-11-21 23:24:33,437:DEBUG:__main__:Send Images to AWS
2018-11-21 23:25:03,483:INFO:__main__:Led on
2018-11-21 23:25:03,484:INFO:__main__:Fan On
2018-11-21 23:25:03,485:DEBUG:__main__:Send Images to AWS
2018-11-21 23:25:33,530:DEBUG:__main__:Send Images to AWS
2018-11-21 23:26:03,577:INFO:__main__:Led on
2018-11-21 23:26:03,578:INFO:__main__:Fan On
2018-11-21 23:26:03,579:DEBUG:__main__:Send Images to AWS
2018-11-21 23:26:33,626:DEBUG:__main__:Send Images to AWS
2018-11-21 23:27:03,671:INFO:__main__:Sensor Data Received
2018-11-21 23:27:03,673:INFO:__main__:Led on
2018-11-21 23:27:03,674:INFO:__main__:Fan On
2018-11-21 23:27:03,675:DEBUG:__main__:Send Images to AWS
2018-11-21 23:27:33,720:DEBUG:__main__:Send Images to AWS
2018-11-21 23:28:03,765:INFO:__main__:Led on
2018-11-21 23:28:03,766:INFO:__main__:Fan On
2018-11-21 23:28:03,768:DEBUG:__main__:Send Images to AWS
2018-11-21 23:28:33,814:DEBUG:__main__:Send Images to AWS
2018-11-21 23:29:03,861:INFO:__main__:Led on
2018-11-21 23:29:03,863:INFO:__main__:Fan On
2018-11-21 23:29:03,864:DEBUG:__main__:Send Images to AWS
2018-11-21 23:29:33,913:DEBUG:__main__:Send Images to AWS
2018-11-21 23:30:03,959:INFO:__main__:Sensor Data Received
2018-11-21 23:30:03,960:INFO:__main__:Led on
2018-11-21 23:30:03,961:INFO:__main__:Fan On
2018-11-21 23:30:03,962:DEBUG:__main__:Send Images to AWS
2018-11-21 23:30:34,008:DEBUG:__main__:Send Images to AWS
2018-11-21 23:31:04,053:INFO:__main__:Led on
2018-11-21 23:31:04,054:INFO:__main__:Fan On
2018-11-21 23:31:04,055:DEBUG:__main__:Send Images to AWS
2018-11-21 23:31:34,102:DEBUG:__main__:Send Images to AWS
2018-11-21 23:32:04,149:INFO:__main__:Led on
2018-11-21 23:32:04,150:INFO:__main__:Fan On
2018-11-21 23:32:04,151:DEBUG:__main__:Send Images to AWS
2018-11-21 23:32:34,194:DEBUG:__main__:Send Images to AWS
2018-11-21 23:33:04,239:INFO:__main__:Sensor Data Received
2018-11-21 23:33:04,240:INFO:__main__:Led on
2018-11-21 23:33:04,240:INFO:__main__:Fan On
2018-11-21 23:33:04,240:DEBUG:__main__:Send Images to AWS
2018-11-21 23:33:34,285:DEBUG:__main__:Send Images to AWS
2018-11-21 23:34:04,331:INFO:__main__:Led on
2018-11-21 23:34:04,332:INFO:__main__:Fan On
2018-11-21 23:34:04,333:DEBUG:__main__:Send Images to AWS
2018-11-21 23:34:34,377:DEBUG:__main__:Send Images to AWS
